[debug] [2024-05-24T09:17:29.765Z] ----------------------------------------------------------------------
[debug] [2024-05-24T09:17:29.768Z] Command:       C:\Program Files (x86)\nodejs\node.exe C:\Users\zaina\AppData\Roaming\npm\node_modules\firebase-tools\lib\bin\firebase.js init
[debug] [2024-05-24T09:17:29.769Z] CLI Version:   13.10.0
[debug] [2024-05-24T09:17:29.769Z] Platform:      win32
[debug] [2024-05-24T09:17:29.769Z] Node Version:  v20.10.0
[debug] [2024-05-24T09:17:29.769Z] Time:          Fri May 24 2024 14:17:29 GMT+0500 (Pakistan Standard Time)
[debug] [2024-05-24T09:17:29.769Z] ----------------------------------------------------------------------
[debug] 
[debug] [2024-05-24T09:17:29.777Z] > command requires scopes: ["email","openid","https://www.googleapis.com/auth/cloudplatformprojects.readonly","https://www.googleapis.com/auth/firebase","https://www.googleapis.com/auth/cloud-platform"]
[debug] [2024-05-24T09:17:29.777Z] > authorizing via signed-in user (zainabasif5312@gmail.com)
[info] 
     ######## #### ########  ######## ########     ###     ######  ########
     ##        ##  ##     ## ##       ##     ##  ##   ##  ##       ##
     ######    ##  ########  ######   ########  #########  ######  ######
     ##        ##  ##    ##  ##       ##     ## ##     ##       ## ##
     ##       #### ##     ## ######## ########  ##     ##  ######  ########

You're about to initialize a Firebase project in this directory:

  C:\Users\zaina\Desktop\My-app\Frontend

[info] 
=== Project Setup
[info] 
[info] First, let's associate this project directory with a Firebase project.
[info] You can create multiple project aliases by running firebase use --add, 
[info] but for now we'll just set up a default project.
[info] 
[debug] [2024-05-24T09:17:54.078Z] >>> [apiv2][query] GET https://firebase.googleapis.com/v1beta1/projects pageSize=100
[debug] [2024-05-24T09:17:55.451Z] <<< [apiv2][status] GET https://firebase.googleapis.com/v1beta1/projects 200
[debug] [2024-05-24T09:17:55.451Z] <<< [apiv2][body] GET https://firebase.googleapis.com/v1beta1/projects [omitted]
[info] i  Using project ticket-booking-system-915c6 (Ticket Booking System) 
[info] 
=== Hosting Setup
[debug] [2024-05-24T09:18:02.174Z] >>> [apiv2][query] GET https://firebase.googleapis.com/v1beta1/projects/ticket-booking-system-915c6 [none]
[debug] [2024-05-24T09:18:03.171Z] <<< [apiv2][status] GET https://firebase.googleapis.com/v1beta1/projects/ticket-booking-system-915c6 200
[debug] [2024-05-24T09:18:03.172Z] <<< [apiv2][body] GET https://firebase.googleapis.com/v1beta1/projects/ticket-booking-system-915c6 {"projectId":"ticket-booking-system-915c6","projectNumber":"812502805744","displayName":"Ticket Booking System","name":"projects/ticket-booking-system-915c6","resources":{"hostingSite":"ticket-booking-system-915c6","storageBucket":"ticket-booking-system-915c6.appspot.com","locationId":"us-central"},"state":"ACTIVE","etag":"1_680de42d-b6f1-4082-b05e-aeaef78257bc"}
[info] 
[info] Your public directory is the folder (relative to your project directory) that
[info] will contain Hosting assets to be uploaded with firebase deploy. If you
[info] have a build process for your assets, use your build's output directory.
[info] 
[debug] [2024-05-24T09:21:29.775Z] ----------------------------------------------------------------------
[debug] [2024-05-24T09:21:29.779Z] Command:       C:\Program Files (x86)\nodejs\node.exe C:\Users\zaina\AppData\Roaming\npm\node_modules\firebase-tools\lib\bin\firebase.js init
[debug] [2024-05-24T09:21:29.779Z] CLI Version:   13.10.0
[debug] [2024-05-24T09:21:29.780Z] Platform:      win32
[debug] [2024-05-24T09:21:29.780Z] Node Version:  v20.10.0
[debug] [2024-05-24T09:21:29.780Z] Time:          Fri May 24 2024 14:21:29 GMT+0500 (Pakistan Standard Time)
[debug] [2024-05-24T09:21:29.780Z] ----------------------------------------------------------------------
[debug] 
[debug] [2024-05-24T09:21:29.788Z] > command requires scopes: ["email","openid","https://www.googleapis.com/auth/cloudplatformprojects.readonly","https://www.googleapis.com/auth/firebase","https://www.googleapis.com/auth/cloud-platform"]
[debug] [2024-05-24T09:21:29.788Z] > authorizing via signed-in user (zainabasif5312@gmail.com)
[info] 
     ######## #### ########  ######## ########     ###     ######  ########
     ##        ##  ##     ## ##       ##     ##  ##   ##  ##       ##
     ######    ##  ########  ######   ########  #########  ######  ######
     ##        ##  ##    ##  ##       ##     ## ##     ##       ## ##
     ##       #### ##     ## ######## ########  ##     ##  ######  ########

You're about to initialize a Firebase project in this directory:

  C:\Users\zaina\Desktop\My-app\Frontend

[info] 
=== Project Setup
[info] 
[info] First, let's associate this project directory with a Firebase project.
[info] You can create multiple project aliases by running firebase use --add, 
[info] but for now we'll just set up a default project.
[info] 
[debug] [2024-05-24T09:21:41.302Z] >>> [apiv2][query] GET https://firebase.googleapis.com/v1beta1/projects pageSize=100
[debug] [2024-05-24T09:21:42.719Z] <<< [apiv2][status] GET https://firebase.googleapis.com/v1beta1/projects 200
[debug] [2024-05-24T09:21:42.719Z] <<< [apiv2][body] GET https://firebase.googleapis.com/v1beta1/projects [omitted]
[info] i  Using project ticket-booking-system-915c6 (Ticket Booking System) 
[info] 
=== Hosting Setup
[debug] [2024-05-24T09:21:45.832Z] >>> [apiv2][query] GET https://firebase.googleapis.com/v1beta1/projects/ticket-booking-system-915c6 [none]
[debug] [2024-05-24T09:21:46.910Z] <<< [apiv2][status] GET https://firebase.googleapis.com/v1beta1/projects/ticket-booking-system-915c6 200
[debug] [2024-05-24T09:21:46.910Z] <<< [apiv2][body] GET https://firebase.googleapis.com/v1beta1/projects/ticket-booking-system-915c6 {"projectId":"ticket-booking-system-915c6","projectNumber":"812502805744","displayName":"Ticket Booking System","name":"projects/ticket-booking-system-915c6","resources":{"hostingSite":"ticket-booking-system-915c6","storageBucket":"ticket-booking-system-915c6.appspot.com","locationId":"us-central"},"state":"ACTIVE","etag":"1_680de42d-b6f1-4082-b05e-aeaef78257bc"}
[info] 
[info] Your public directory is the folder (relative to your project directory) that
[info] will contain Hosting assets to be uploaded with firebase deploy. If you
[info] have a build process for your assets, use your build's output directory.
[info] 
[debug] [2024-05-24T09:22:29.969Z] ----------------------------------------------------------------------
[debug] [2024-05-24T09:22:29.973Z] Command:       C:\Program Files (x86)\nodejs\node.exe C:\Users\zaina\AppData\Roaming\npm\node_modules\firebase-tools\lib\bin\firebase.js init
[debug] [2024-05-24T09:22:29.973Z] CLI Version:   13.10.0
[debug] [2024-05-24T09:22:29.974Z] Platform:      win32
[debug] [2024-05-24T09:22:29.974Z] Node Version:  v20.10.0
[debug] [2024-05-24T09:22:29.974Z] Time:          Fri May 24 2024 14:22:29 GMT+0500 (Pakistan Standard Time)
[debug] [2024-05-24T09:22:29.974Z] ----------------------------------------------------------------------
[debug] 
[debug] [2024-05-24T09:22:29.982Z] > command requires scopes: ["email","openid","https://www.googleapis.com/auth/cloudplatformprojects.readonly","https://www.googleapis.com/auth/firebase","https://www.googleapis.com/auth/cloud-platform"]
[debug] [2024-05-24T09:22:29.983Z] > authorizing via signed-in user (zainabasif5312@gmail.com)
[info] 
     ######## #### ########  ######## ########     ###     ######  ########
     ##        ##  ##     ## ##       ##     ##  ##   ##  ##       ##
     ######    ##  ########  ######   ########  #########  ######  ######
     ##        ##  ##    ##  ##       ##     ## ##     ##       ## ##
     ##       #### ##     ## ######## ########  ##     ##  ######  ########

You're about to initialize a Firebase project in this directory:

  C:\Users\zaina\Desktop\My-app\Frontend

[info] 
=== Project Setup
[info] 
[info] First, let's associate this project directory with a Firebase project.
[info] You can create multiple project aliases by running firebase use --add, 
[info] but for now we'll just set up a default project.
[info] 
[debug] [2024-05-24T09:22:50.632Z] >>> [apiv2][query] GET https://firebase.googleapis.com/v1beta1/projects pageSize=100
[debug] [2024-05-24T09:22:51.849Z] <<< [apiv2][status] GET https://firebase.googleapis.com/v1beta1/projects 200
[debug] [2024-05-24T09:22:51.850Z] <<< [apiv2][body] GET https://firebase.googleapis.com/v1beta1/projects [omitted]
[info] i  Using project ticket-booking-system-915c6 (Ticket Booking System) 
[info] 
=== Hosting Setup
[debug] [2024-05-24T09:22:53.920Z] >>> [apiv2][query] GET https://firebase.googleapis.com/v1beta1/projects/ticket-booking-system-915c6 [none]
[debug] [2024-05-24T09:22:54.503Z] <<< [apiv2][status] GET https://firebase.googleapis.com/v1beta1/projects/ticket-booking-system-915c6 200
[debug] [2024-05-24T09:22:54.503Z] <<< [apiv2][body] GET https://firebase.googleapis.com/v1beta1/projects/ticket-booking-system-915c6 {"projectId":"ticket-booking-system-915c6","projectNumber":"812502805744","displayName":"Ticket Booking System","name":"projects/ticket-booking-system-915c6","resources":{"hostingSite":"ticket-booking-system-915c6","storageBucket":"ticket-booking-system-915c6.appspot.com","locationId":"us-central"},"state":"ACTIVE","etag":"1_680de42d-b6f1-4082-b05e-aeaef78257bc"}
[info] 
[info] Your public directory is the folder (relative to your project directory) that
[info] will contain Hosting assets to be uploaded with firebase deploy. If you
[info] have a build process for your assets, use your build's output directory.
[info] 
[info] +  Wrote build/404.html 
[debug] [2024-05-24T09:25:38.306Z] >>> [apiv2][query] GET https://www.gstatic.com/firebasejs/releases.json [none]
[debug] [2024-05-24T09:25:39.062Z] <<< [apiv2][status] GET https://www.gstatic.com/firebasejs/releases.json 200
[debug] [2024-05-24T09:25:39.063Z] <<< [apiv2][body] GET https://www.gstatic.com/firebasejs/releases.json {"current":{"version":"10.12.1","browserURL":"https://www.gstatic.com/firebasejs/10.12.1/firebase.js","packageURL":"https://www.gstatic.com/firebasejs/10.12.1/firebase.tgz"},"live":{"version":"10.12","browserURL":"https://www.gstatic.com/firebasejs/live/10.12/firebase.js","packageURL":"https://www.gstatic.com/firebasejs/live/10.12/firebase.tgz"},"components":{"analytics":"https://www.gstatic.com/firebasejs/10.12.1/firebase-analytics.js","app":"https://www.gstatic.com/firebasejs/10.12.1/firebase-app.js","app-check":"https://www.gstatic.com/firebasejs/10.12.1/firebase-app-check.js","auth":"https://www.gstatic.com/firebasejs/10.12.1/firebase-auth.js","auth/cordova":"https://www.gstatic.com/firebasejs/10.12.1/firebase-auth/cordova.js","auth/web-extension":"https://www.gstatic.com/firebasejs/10.12.1/firebase-auth/web-extension.js","functions":"https://www.gstatic.com/firebasejs/10.12.1/firebase-functions.js","firestore":"https://www.gstatic.com/firebasejs/10.12.1/firebase-firestore.js","firestore/lite":"https://www.gstatic.com/firebasejs/10.12.1/firebase-firestore/lite.js","installations":"https://www.gstatic.com/firebasejs/10.12.1/firebase-installations.js","storage":"https://www.gstatic.com/firebasejs/10.12.1/firebase-storage.js","performance":"https://www.gstatic.com/firebasejs/10.12.1/firebase-performance.js","remote-config":"https://www.gstatic.com/firebasejs/10.12.1/firebase-remote-config.js","messaging":"https://www.gstatic.com/firebasejs/10.12.1/firebase-messaging.js","messaging/sw":"https://www.gstatic.com/firebasejs/10.12.1/firebase-messaging/sw.js","database":"https://www.gstatic.com/firebasejs/10.12.1/firebase-database.js","vertexai-preview":"https://www.gstatic.com/firebasejs/10.12.1/firebase-vertexai-preview.js","firestore.memory":"https://www.gstatic.com/firebasejs/10.12.1/firebase-firestore.memory.js"}}
[info] i  Skipping write of build/index.html 
[info] 
[info] i  Detected a .git folder at C:\Users\zaina\Desktop\My-app\Frontend 
[info] i  Authorizing with GitHub to upload your service account to a GitHub repository's secrets store. 
[info] 
[info] Visit this URL on this device to log in:
[info] https://github.com/login/oauth/authorize?client_id=89cf50f02ac6aaed3484&state=786937311&redirect_uri=http%3A%2F%2Flocalhost%3A9005&scope=read%3Auser%20repo%20public_repo
[info] 
[info] Waiting for authentication...
